===========================   1   ======================================
Compacting bitmaps: [###]Size of each level: 16 64 848 12432 162528 1113920 2465136 4277680 10296096 32075744 98007952 [10641.1ms]
Building rank: [281.773ms]
Split T_: rank(T_).size(): 148412416

sum(level_pos): 144481664 	 T_.size(): 148412416 	[0.024ms]
16 64 848 12432 162224 1111120 2442576 4206336 10020000 31186112 95339936

===========================   2   ======================================
Compacting bitmaps: [###]Size of each level: 16 64 848 12432 162528 1113920 2465136 4277680 10296096 32075744 98007952 [3326.77ms]
Building rank: [96.663ms]
Split T_: rank(T_).size(): 148412416

sum(level_pos): 143908656 	 T_.size(): 148412416 	[0.053ms]
16 64 848 12432 161760 1106800 2420128 4158208 9963216 31070192 95014992

===========================   3   ======================================
Compacting bitmaps: [###]Size of each level: 16 64 848 12432 162528 1113920 2465136 4277680 10296096 32075744 98007952 [1870.56ms]
Building rank: [29.138ms]
Split T_: rank(T_).size(): 148412416

sum(level_pos): 101815904 	 T_.size(): 148412416 	[0.012ms]
16 64 640 9936 128752 881040 2020320 3515840 7574928 22122448 65561920

===========================   4   ======================================
Compacting bitmaps: [###]Size of each level: 16 64 848 12432 162528 1113920 2465136 4277680 10296096 32075744 98007952 [2965.3ms]
Building rank: [49.217ms]
Split T_: rank(T_).size(): 148412416

sum(level_pos): 133084992 	 T_.size(): 148412416 	[0.018ms]
16 64 800 12112 156672 1073280 2336608 3983824 9291584 28432512 87797520

===========================   5   ======================================
Compacting bitmaps: [###]Size of each level: 16 64 848 12432 162528 1113920 2465136 4277680 10296096 32075744 98007952 [3724.81ms]
Building rank: [47.798ms]
Split T_: rank(T_).size(): 148412416

sum(level_pos): 136689440 	 T_.size(): 148412416 	[0.085ms]
16 64 848 12288 159808 1094448 2379504 4042144 9484304 29253632 90262384

===========================   6   ======================================
Compacting bitmaps: [###]Size of each level: 16 64 848 12432 162528 1113920 2465136 4277680 10296096 32075744 98007952 [3792ms]
Building rank: [43.817ms]
Split T_: rank(T_).size(): 148412416

sum(level_pos): 144528368 	 T_.size(): 148412416 	[0.034ms]
16 64 848 12432 162240 1111280 2444832 4211056 10023520 31194144 95367936

===========================   7   ======================================
Compacting bitmaps: [###]Size of each level: 16 64 848 12432 162528 1113920 2465136 4277680 10296096 32075744 98007952 [1586.36ms]
Building rank: [28.822ms]
Split T_: rank(T_).size(): 148412416

sum(level_pos): 133233984 	 T_.size(): 148412416 	[0.011ms]
16 64 848 12352 159024 1087632 2360240 4002336 9311408 28457376 87842688

===========================   8   ======================================
Compacting bitmaps: [###]Size of each level: 16 64 848 12432 162528 1113920 2465136 4277680 10296096 32075744 98007952 [3575.74ms]
Building rank: [52.753ms]
Split T_: rank(T_).size(): 148412416

sum(level_pos): 133249056 	 T_.size(): 148412416 	[0.026ms]
16 64 848 12112 158512 1086768 2361184 4005040 9314752 28461520 87848240

===========================   9   ======================================
Compacting bitmaps: [###]Size of each level: 16 64 848 12432 162528 1113920 2465136 4277680 10296096 32075744 98007952 [4290.62ms]
Building rank: [52.496ms]
Split T_: rank(T_).size(): 148412416

sum(level_pos): 133247120 	 T_.size(): 148412416 	[0.023ms]
16 64 848 12224 159040 1087968 2361840 4004112 9313824 28460224 87846960

===========================  10   ======================================
Compacting bitmaps: [###]Size of each level: 16 64 848 12432 162528 1113920 2465136 4277680 10296096 32075744 98007952 [8646.88ms]
Building rank: [48.912ms]
Split T_: rank(T_).size(): 148412416

sum(level_pos): 145539456 	 T_.size(): 148412416 	[0.032ms]
16 64 848 12416 162320 1112576 2457824 4248896 10123328 31435200 95985968
