The system is: Linux - 3.10.0-327.36.2.el7.x86_64 - x86_64
Compiling the C compiler identification source file "CMakeCCompilerId.c" succeeded.
Compiler: /home/zhaocheng/local/bin/gcc 
Build flags: 
Id flags:  

The output was:
0


Compilation of the C compiler identification source "CMakeCCompilerId.c" produced "a.out"

The C compiler identification is GNU, found in "/home/zhaocheng/K2Tree/_build/CMakeFiles/3.10.0/CompilerIdC/a.out"

Compiling the CXX compiler identification source file "CMakeCXXCompilerId.cpp" succeeded.
Compiler: /home/zhaocheng/local/bin/g++ 
Build flags: 
Id flags:  

The output was:
0


Compilation of the CXX compiler identification source "CMakeCXXCompilerId.cpp" produced "a.out"

The CXX compiler identification is GNU, found in "/home/zhaocheng/K2Tree/_build/CMakeFiles/3.10.0/CompilerIdCXX/a.out"

Determining if the C compiler works passed with the following output:
Change Dir: /home/zhaocheng/K2Tree/_build/CMakeFiles/CMakeTmp

Run Build Command:"/usr/bin/gmake" "cmTC_d348d/fast"
/usr/bin/gmake -f CMakeFiles/cmTC_d348d.dir/build.make CMakeFiles/cmTC_d348d.dir/build
gmake[1]: 进入目录“/mnt/disk4/zhaocheng/Workspace/k2tree/K2Tree/_build/CMakeFiles/CMakeTmp”
Building C object CMakeFiles/cmTC_d348d.dir/testCCompiler.c.o
/home/zhaocheng/local/bin/gcc    -o CMakeFiles/cmTC_d348d.dir/testCCompiler.c.o   -c /home/zhaocheng/K2Tree/_build/CMakeFiles/CMakeTmp/testCCompiler.c
Linking C executable cmTC_d348d
/home/zhaocheng/anaconda2/bin/cmake -E cmake_link_script CMakeFiles/cmTC_d348d.dir/link.txt --verbose=1
/home/zhaocheng/local/bin/gcc      -rdynamic CMakeFiles/cmTC_d348d.dir/testCCompiler.c.o  -o cmTC_d348d 
gmake[1]: 离开目录“/mnt/disk4/zhaocheng/Workspace/k2tree/K2Tree/_build/CMakeFiles/CMakeTmp”


Detecting C compiler ABI info compiled with the following output:
Change Dir: /home/zhaocheng/K2Tree/_build/CMakeFiles/CMakeTmp

Run Build Command:"/usr/bin/gmake" "cmTC_be739/fast"
/usr/bin/gmake -f CMakeFiles/cmTC_be739.dir/build.make CMakeFiles/cmTC_be739.dir/build
gmake[1]: 进入目录“/mnt/disk4/zhaocheng/Workspace/k2tree/K2Tree/_build/CMakeFiles/CMakeTmp”
Building C object CMakeFiles/cmTC_be739.dir/CMakeCCompilerABI.c.o
/home/zhaocheng/local/bin/gcc    -o CMakeFiles/cmTC_be739.dir/CMakeCCompilerABI.c.o   -c /home/zhaocheng/anaconda2/share/cmake-3.10/Modules/CMakeCCompilerABI.c
Linking C executable cmTC_be739
/home/zhaocheng/anaconda2/bin/cmake -E cmake_link_script CMakeFiles/cmTC_be739.dir/link.txt --verbose=1
/home/zhaocheng/local/bin/gcc     -v -rdynamic CMakeFiles/cmTC_be739.dir/CMakeCCompilerABI.c.o  -o cmTC_be739 
使用内建 specs。
COLLECT_GCC=/home/zhaocheng/local/bin/gcc
COLLECT_LTO_WRAPPER=/home/zhaocheng/local/libexec/gcc/x86_64-pc-linux-gnu/7.2.0/lto-wrapper
目标：x86_64-pc-linux-gnu
配置为：../configure --prefix=/home/zhaocheng/local/ --disable-multilib --with-system-zlib --enable-languages=c,c++ --enable-gold
线程模型：posix
gcc 版本 7.2.0 (GCC) 
COMPILER_PATH=/home/zhaocheng/local/libexec/gcc/x86_64-pc-linux-gnu/7.2.0/:/home/zhaocheng/local/libexec/gcc/x86_64-pc-linux-gnu/7.2.0/:/home/zhaocheng/local/libexec/gcc/x86_64-pc-linux-gnu/:/home/zhaocheng/local/lib/gcc/x86_64-pc-linux-gnu/7.2.0/:/home/zhaocheng/local/lib/gcc/x86_64-pc-linux-gnu/
LIBRARY_PATH=/home/zhaocheng/local/lib/gcc/x86_64-pc-linux-gnu/7.2.0/:/home/zhaocheng/local/lib/gcc/x86_64-pc-linux-gnu/7.2.0/../../../../lib64/:/lib/../lib64/:/usr/lib/../lib64/:/home/zhaocheng/local/lib/gcc/x86_64-pc-linux-gnu/7.2.0/../../../:/lib/:/usr/lib/
COLLECT_GCC_OPTIONS='-v' '-rdynamic' '-o' 'cmTC_be739' '-mtune=generic' '-march=x86-64'
 /home/zhaocheng/local/libexec/gcc/x86_64-pc-linux-gnu/7.2.0/collect2 -plugin /home/zhaocheng/local/libexec/gcc/x86_64-pc-linux-gnu/7.2.0/liblto_plugin.so -plugin-opt=/home/zhaocheng/local/libexec/gcc/x86_64-pc-linux-gnu/7.2.0/lto-wrapper -plugin-opt=-fresolution=/tmp/ccohsdGL.res -plugin-opt=-pass-through=-lgcc -plugin-opt=-pass-through=-lgcc_s -plugin-opt=-pass-through=-lc -plugin-opt=-pass-through=-lgcc -plugin-opt=-pass-through=-lgcc_s --eh-frame-hdr -m elf_x86_64 -export-dynamic -dynamic-linker /lib64/ld-linux-x86-64.so.2 -o cmTC_be739 /lib/../lib64/crt1.o /lib/../lib64/crti.o /home/zhaocheng/local/lib/gcc/x86_64-pc-linux-gnu/7.2.0/crtbegin.o -L/home/zhaocheng/local/lib/gcc/x86_64-pc-linux-gnu/7.2.0 -L/home/zhaocheng/local/lib/gcc/x86_64-pc-linux-gnu/7.2.0/../../../../lib64 -L/lib/../lib64 -L/usr/lib/../lib64 -L/home/zhaocheng/local/lib/gcc/x86_64-pc-linux-gnu/7.2.0/../../.. CMakeFiles/cmTC_be739.dir/CMakeCCompilerABI.c.o -lgcc --as-needed -lgcc_s --no-as-needed -lc -lgcc --as-needed -lgcc_s --no-as-needed /home/zhaocheng/local/lib/gcc/x86_64-pc-linux-gnu/7.2.0/crtend.o /lib/../lib64/crtn.o
COLLECT_GCC_OPTIONS='-v' '-rdynamic' '-o' 'cmTC_be739' '-mtune=generic' '-march=x86-64'
gmake[1]: 离开目录“/mnt/disk4/zhaocheng/Workspace/k2tree/K2Tree/_build/CMakeFiles/CMakeTmp”


Parsed C implicit link information from above output:
  link line regex: [^( *|.*[/\])(ld|CMAKE_LINK_STARTFILE-NOTFOUND|([^/\]+-)?ld|collect2)[^/\]*( |$)]
  ignore line: [Change Dir: /home/zhaocheng/K2Tree/_build/CMakeFiles/CMakeTmp]
  ignore line: []
  ignore line: [Run Build Command:"/usr/bin/gmake" "cmTC_be739/fast"]
  ignore line: [/usr/bin/gmake -f CMakeFiles/cmTC_be739.dir/build.make CMakeFiles/cmTC_be739.dir/build]
  ignore line: [gmake[1]: 进入目录“/mnt/disk4/zhaocheng/Workspace/k2tree/K2Tree/_build/CMakeFiles/CMakeTmp”]
  ignore line: [Building C object CMakeFiles/cmTC_be739.dir/CMakeCCompilerABI.c.o]
  ignore line: [/home/zhaocheng/local/bin/gcc    -o CMakeFiles/cmTC_be739.dir/CMakeCCompilerABI.c.o   -c /home/zhaocheng/anaconda2/share/cmake-3.10/Modules/CMakeCCompilerABI.c]
  ignore line: [Linking C executable cmTC_be739]
  ignore line: [/home/zhaocheng/anaconda2/bin/cmake -E cmake_link_script CMakeFiles/cmTC_be739.dir/link.txt --verbose=1]
  ignore line: [/home/zhaocheng/local/bin/gcc     -v -rdynamic CMakeFiles/cmTC_be739.dir/CMakeCCompilerABI.c.o  -o cmTC_be739 ]
  ignore line: [使用内建 specs。]
  ignore line: [COLLECT_GCC=/home/zhaocheng/local/bin/gcc]
  ignore line: [COLLECT_LTO_WRAPPER=/home/zhaocheng/local/libexec/gcc/x86_64-pc-linux-gnu/7.2.0/lto-wrapper]
  ignore line: [目标：x86_64-pc-linux-gnu]
  ignore line: [配置为：../configure --prefix=/home/zhaocheng/local/ --disable-multilib --with-system-zlib --enable-languages=c,c++ --enable-gold]
  ignore line: [线程模型：posix]
  ignore line: [gcc 版本 7.2.0 (GCC) ]
  ignore line: [COMPILER_PATH=/home/zhaocheng/local/libexec/gcc/x86_64-pc-linux-gnu/7.2.0/:/home/zhaocheng/local/libexec/gcc/x86_64-pc-linux-gnu/7.2.0/:/home/zhaocheng/local/libexec/gcc/x86_64-pc-linux-gnu/:/home/zhaocheng/local/lib/gcc/x86_64-pc-linux-gnu/7.2.0/:/home/zhaocheng/local/lib/gcc/x86_64-pc-linux-gnu/]
  ignore line: [LIBRARY_PATH=/home/zhaocheng/local/lib/gcc/x86_64-pc-linux-gnu/7.2.0/:/home/zhaocheng/local/lib/gcc/x86_64-pc-linux-gnu/7.2.0/../../../../lib64/:/lib/../lib64/:/usr/lib/../lib64/:/home/zhaocheng/local/lib/gcc/x86_64-pc-linux-gnu/7.2.0/../../../:/lib/:/usr/lib/]
  ignore line: [COLLECT_GCC_OPTIONS='-v' '-rdynamic' '-o' 'cmTC_be739' '-mtune=generic' '-march=x86-64']
  link line: [ /home/zhaocheng/local/libexec/gcc/x86_64-pc-linux-gnu/7.2.0/collect2 -plugin /home/zhaocheng/local/libexec/gcc/x86_64-pc-linux-gnu/7.2.0/liblto_plugin.so -plugin-opt=/home/zhaocheng/local/libexec/gcc/x86_64-pc-linux-gnu/7.2.0/lto-wrapper -plugin-opt=-fresolution=/tmp/ccohsdGL.res -plugin-opt=-pass-through=-lgcc -plugin-opt=-pass-through=-lgcc_s -plugin-opt=-pass-through=-lc -plugin-opt=-pass-through=-lgcc -plugin-opt=-pass-through=-lgcc_s --eh-frame-hdr -m elf_x86_64 -export-dynamic -dynamic-linker /lib64/ld-linux-x86-64.so.2 -o cmTC_be739 /lib/../lib64/crt1.o /lib/../lib64/crti.o /home/zhaocheng/local/lib/gcc/x86_64-pc-linux-gnu/7.2.0/crtbegin.o -L/home/zhaocheng/local/lib/gcc/x86_64-pc-linux-gnu/7.2.0 -L/home/zhaocheng/local/lib/gcc/x86_64-pc-linux-gnu/7.2.0/../../../../lib64 -L/lib/../lib64 -L/usr/lib/../lib64 -L/home/zhaocheng/local/lib/gcc/x86_64-pc-linux-gnu/7.2.0/../../.. CMakeFiles/cmTC_be739.dir/CMakeCCompilerABI.c.o -lgcc --as-needed -lgcc_s --no-as-needed -lc -lgcc --as-needed -lgcc_s --no-as-needed /home/zhaocheng/local/lib/gcc/x86_64-pc-linux-gnu/7.2.0/crtend.o /lib/../lib64/crtn.o]
    arg [/home/zhaocheng/local/libexec/gcc/x86_64-pc-linux-gnu/7.2.0/collect2] ==> ignore
    arg [-plugin] ==> ignore
    arg [/home/zhaocheng/local/libexec/gcc/x86_64-pc-linux-gnu/7.2.0/liblto_plugin.so] ==> ignore
    arg [-plugin-opt=/home/zhaocheng/local/libexec/gcc/x86_64-pc-linux-gnu/7.2.0/lto-wrapper] ==> ignore
    arg [-plugin-opt=-fresolution=/tmp/ccohsdGL.res] ==> ignore
    arg [-plugin-opt=-pass-through=-lgcc] ==> ignore
    arg [-plugin-opt=-pass-through=-lgcc_s] ==> ignore
    arg [-plugin-opt=-pass-through=-lc] ==> ignore
    arg [-plugin-opt=-pass-through=-lgcc] ==> ignore
    arg [-plugin-opt=-pass-through=-lgcc_s] ==> ignore
    arg [--eh-frame-hdr] ==> ignore
    arg [-m] ==> ignore
    arg [elf_x86_64] ==> ignore
    arg [-export-dynamic] ==> ignore
    arg [-dynamic-linker] ==> ignore
    arg [/lib64/ld-linux-x86-64.so.2] ==> ignore
    arg [-o] ==> ignore
    arg [cmTC_be739] ==> ignore
    arg [/lib/../lib64/crt1.o] ==> ignore
    arg [/lib/../lib64/crti.o] ==> ignore
    arg [/home/zhaocheng/local/lib/gcc/x86_64-pc-linux-gnu/7.2.0/crtbegin.o] ==> ignore
    arg [-L/home/zhaocheng/local/lib/gcc/x86_64-pc-linux-gnu/7.2.0] ==> dir [/home/zhaocheng/local/lib/gcc/x86_64-pc-linux-gnu/7.2.0]
    arg [-L/home/zhaocheng/local/lib/gcc/x86_64-pc-linux-gnu/7.2.0/../../../../lib64] ==> dir [/home/zhaocheng/local/lib/gcc/x86_64-pc-linux-gnu/7.2.0/../../../../lib64]
    arg [-L/lib/../lib64] ==> dir [/lib/../lib64]
    arg [-L/usr/lib/../lib64] ==> dir [/usr/lib/../lib64]
    arg [-L/home/zhaocheng/local/lib/gcc/x86_64-pc-linux-gnu/7.2.0/../../..] ==> dir [/home/zhaocheng/local/lib/gcc/x86_64-pc-linux-gnu/7.2.0/../../..]
    arg [CMakeFiles/cmTC_be739.dir/CMakeCCompilerABI.c.o] ==> ignore
    arg [-lgcc] ==> lib [gcc]
    arg [--as-needed] ==> ignore
    arg [-lgcc_s] ==> lib [gcc_s]
    arg [--no-as-needed] ==> ignore
    arg [-lc] ==> lib [c]
    arg [-lgcc] ==> lib [gcc]
    arg [--as-needed] ==> ignore
    arg [-lgcc_s] ==> lib [gcc_s]
    arg [--no-as-needed] ==> ignore
    arg [/home/zhaocheng/local/lib/gcc/x86_64-pc-linux-gnu/7.2.0/crtend.o] ==> ignore
    arg [/lib/../lib64/crtn.o] ==> ignore
  collapse library dir [/home/zhaocheng/local/lib/gcc/x86_64-pc-linux-gnu/7.2.0] ==> [/home/zhaocheng/local/lib/gcc/x86_64-pc-linux-gnu/7.2.0]
  collapse library dir [/home/zhaocheng/local/lib/gcc/x86_64-pc-linux-gnu/7.2.0/../../../../lib64] ==> [/home/zhaocheng/local/lib64]
  collapse library dir [/lib/../lib64] ==> [/lib64]
  collapse library dir [/usr/lib/../lib64] ==> [/usr/lib64]
  collapse library dir [/home/zhaocheng/local/lib/gcc/x86_64-pc-linux-gnu/7.2.0/../../..] ==> [/home/zhaocheng/local/lib]
  implicit libs: [gcc;gcc_s;c;gcc;gcc_s]
  implicit dirs: [/home/zhaocheng/local/lib/gcc/x86_64-pc-linux-gnu/7.2.0;/home/zhaocheng/local/lib64;/lib64;/usr/lib64;/home/zhaocheng/local/lib]
  implicit fwks: []




Detecting C [-std=c11] compiler features compiled with the following output:
Change Dir: /home/zhaocheng/K2Tree/_build/CMakeFiles/CMakeTmp

Run Build Command:"/usr/bin/gmake" "cmTC_9da07/fast"
/usr/bin/gmake -f CMakeFiles/cmTC_9da07.dir/build.make CMakeFiles/cmTC_9da07.dir/build
gmake[1]: 进入目录“/mnt/disk4/zhaocheng/Workspace/k2tree/K2Tree/_build/CMakeFiles/CMakeTmp”
Building C object CMakeFiles/cmTC_9da07.dir/feature_tests.c.o
/home/zhaocheng/local/bin/gcc   -std=c11 -o CMakeFiles/cmTC_9da07.dir/feature_tests.c.o   -c /home/zhaocheng/K2Tree/_build/CMakeFiles/feature_tests.c
Linking C executable cmTC_9da07
/home/zhaocheng/anaconda2/bin/cmake -E cmake_link_script CMakeFiles/cmTC_9da07.dir/link.txt --verbose=1
/home/zhaocheng/local/bin/gcc      -rdynamic CMakeFiles/cmTC_9da07.dir/feature_tests.c.o  -o cmTC_9da07 
gmake[1]: 离开目录“/mnt/disk4/zhaocheng/Workspace/k2tree/K2Tree/_build/CMakeFiles/CMakeTmp”


    Feature record: C_FEATURE:1c_function_prototypes
    Feature record: C_FEATURE:1c_restrict
    Feature record: C_FEATURE:1c_static_assert
    Feature record: C_FEATURE:1c_variadic_macros


Detecting C [-std=c99] compiler features compiled with the following output:
Change Dir: /home/zhaocheng/K2Tree/_build/CMakeFiles/CMakeTmp

Run Build Command:"/usr/bin/gmake" "cmTC_a2494/fast"
/usr/bin/gmake -f CMakeFiles/cmTC_a2494.dir/build.make CMakeFiles/cmTC_a2494.dir/build
gmake[1]: 进入目录“/mnt/disk4/zhaocheng/Workspace/k2tree/K2Tree/_build/CMakeFiles/CMakeTmp”
Building C object CMakeFiles/cmTC_a2494.dir/feature_tests.c.o
/home/zhaocheng/local/bin/gcc   -std=c99 -o CMakeFiles/cmTC_a2494.dir/feature_tests.c.o   -c /home/zhaocheng/K2Tree/_build/CMakeFiles/feature_tests.c
Linking C executable cmTC_a2494
/home/zhaocheng/anaconda2/bin/cmake -E cmake_link_script CMakeFiles/cmTC_a2494.dir/link.txt --verbose=1
/home/zhaocheng/local/bin/gcc      -rdynamic CMakeFiles/cmTC_a2494.dir/feature_tests.c.o  -o cmTC_a2494 
gmake[1]: 离开目录“/mnt/disk4/zhaocheng/Workspace/k2tree/K2Tree/_build/CMakeFiles/CMakeTmp”


    Feature record: C_FEATURE:1c_function_prototypes
    Feature record: C_FEATURE:1c_restrict
    Feature record: C_FEATURE:0c_static_assert
    Feature record: C_FEATURE:1c_variadic_macros


Detecting C [-std=c90] compiler features compiled with the following output:
Change Dir: /home/zhaocheng/K2Tree/_build/CMakeFiles/CMakeTmp

Run Build Command:"/usr/bin/gmake" "cmTC_5d6cc/fast"
/usr/bin/gmake -f CMakeFiles/cmTC_5d6cc.dir/build.make CMakeFiles/cmTC_5d6cc.dir/build
gmake[1]: 进入目录“/mnt/disk4/zhaocheng/Workspace/k2tree/K2Tree/_build/CMakeFiles/CMakeTmp”
Building C object CMakeFiles/cmTC_5d6cc.dir/feature_tests.c.o
/home/zhaocheng/local/bin/gcc   -std=c90 -o CMakeFiles/cmTC_5d6cc.dir/feature_tests.c.o   -c /home/zhaocheng/K2Tree/_build/CMakeFiles/feature_tests.c
Linking C executable cmTC_5d6cc
/home/zhaocheng/anaconda2/bin/cmake -E cmake_link_script CMakeFiles/cmTC_5d6cc.dir/link.txt --verbose=1
/home/zhaocheng/local/bin/gcc      -rdynamic CMakeFiles/cmTC_5d6cc.dir/feature_tests.c.o  -o cmTC_5d6cc 
gmake[1]: 离开目录“/mnt/disk4/zhaocheng/Workspace/k2tree/K2Tree/_build/CMakeFiles/CMakeTmp”


    Feature record: C_FEATURE:1c_function_prototypes
    Feature record: C_FEATURE:0c_restrict
    Feature record: C_FEATURE:0c_static_assert
    Feature record: C_FEATURE:0c_variadic_macros
Determining if the CXX compiler works passed with the following output:
Change Dir: /home/zhaocheng/K2Tree/_build/CMakeFiles/CMakeTmp

Run Build Command:"/usr/bin/gmake" "cmTC_98aea/fast"
/usr/bin/gmake -f CMakeFiles/cmTC_98aea.dir/build.make CMakeFiles/cmTC_98aea.dir/build
gmake[1]: 进入目录“/mnt/disk4/zhaocheng/Workspace/k2tree/K2Tree/_build/CMakeFiles/CMakeTmp”
Building CXX object CMakeFiles/cmTC_98aea.dir/testCXXCompiler.cxx.o
/home/zhaocheng/local/bin/g++     -o CMakeFiles/cmTC_98aea.dir/testCXXCompiler.cxx.o -c /home/zhaocheng/K2Tree/_build/CMakeFiles/CMakeTmp/testCXXCompiler.cxx
Linking CXX executable cmTC_98aea
/home/zhaocheng/anaconda2/bin/cmake -E cmake_link_script CMakeFiles/cmTC_98aea.dir/link.txt --verbose=1
/home/zhaocheng/local/bin/g++       -rdynamic CMakeFiles/cmTC_98aea.dir/testCXXCompiler.cxx.o  -o cmTC_98aea 
gmake[1]: 离开目录“/mnt/disk4/zhaocheng/Workspace/k2tree/K2Tree/_build/CMakeFiles/CMakeTmp”


Detecting CXX compiler ABI info compiled with the following output:
Change Dir: /home/zhaocheng/K2Tree/_build/CMakeFiles/CMakeTmp

Run Build Command:"/usr/bin/gmake" "cmTC_164c5/fast"
/usr/bin/gmake -f CMakeFiles/cmTC_164c5.dir/build.make CMakeFiles/cmTC_164c5.dir/build
gmake[1]: 进入目录“/mnt/disk4/zhaocheng/Workspace/k2tree/K2Tree/_build/CMakeFiles/CMakeTmp”
Building CXX object CMakeFiles/cmTC_164c5.dir/CMakeCXXCompilerABI.cpp.o
/home/zhaocheng/local/bin/g++     -o CMakeFiles/cmTC_164c5.dir/CMakeCXXCompilerABI.cpp.o -c /home/zhaocheng/anaconda2/share/cmake-3.10/Modules/CMakeCXXCompilerABI.cpp
Linking CXX executable cmTC_164c5
/home/zhaocheng/anaconda2/bin/cmake -E cmake_link_script CMakeFiles/cmTC_164c5.dir/link.txt --verbose=1
/home/zhaocheng/local/bin/g++      -v -rdynamic CMakeFiles/cmTC_164c5.dir/CMakeCXXCompilerABI.cpp.o  -o cmTC_164c5 
使用内建 specs。
COLLECT_GCC=/home/zhaocheng/local/bin/g++
COLLECT_LTO_WRAPPER=/home/zhaocheng/local/libexec/gcc/x86_64-pc-linux-gnu/7.2.0/lto-wrapper
目标：x86_64-pc-linux-gnu
配置为：../configure --prefix=/home/zhaocheng/local/ --disable-multilib --with-system-zlib --enable-languages=c,c++ --enable-gold
线程模型：posix
gcc 版本 7.2.0 (GCC) 
COMPILER_PATH=/home/zhaocheng/local/libexec/gcc/x86_64-pc-linux-gnu/7.2.0/:/home/zhaocheng/local/libexec/gcc/x86_64-pc-linux-gnu/7.2.0/:/home/zhaocheng/local/libexec/gcc/x86_64-pc-linux-gnu/:/home/zhaocheng/local/lib/gcc/x86_64-pc-linux-gnu/7.2.0/:/home/zhaocheng/local/lib/gcc/x86_64-pc-linux-gnu/
LIBRARY_PATH=/home/zhaocheng/local/lib/gcc/x86_64-pc-linux-gnu/7.2.0/:/home/zhaocheng/local/lib/gcc/x86_64-pc-linux-gnu/7.2.0/../../../../lib64/:/lib/../lib64/:/usr/lib/../lib64/:/home/zhaocheng/local/lib/gcc/x86_64-pc-linux-gnu/7.2.0/../../../:/lib/:/usr/lib/
COLLECT_GCC_OPTIONS='-v' '-rdynamic' '-o' 'cmTC_164c5' '-shared-libgcc' '-mtune=generic' '-march=x86-64'
 /home/zhaocheng/local/libexec/gcc/x86_64-pc-linux-gnu/7.2.0/collect2 -plugin /home/zhaocheng/local/libexec/gcc/x86_64-pc-linux-gnu/7.2.0/liblto_plugin.so -plugin-opt=/home/zhaocheng/local/libexec/gcc/x86_64-pc-linux-gnu/7.2.0/lto-wrapper -plugin-opt=-fresolution=/tmp/ccQIjPiu.res -plugin-opt=-pass-through=-lgcc_s -plugin-opt=-pass-through=-lgcc -plugin-opt=-pass-through=-lc -plugin-opt=-pass-through=-lgcc_s -plugin-opt=-pass-through=-lgcc --eh-frame-hdr -m elf_x86_64 -export-dynamic -dynamic-linker /lib64/ld-linux-x86-64.so.2 -o cmTC_164c5 /lib/../lib64/crt1.o /lib/../lib64/crti.o /home/zhaocheng/local/lib/gcc/x86_64-pc-linux-gnu/7.2.0/crtbegin.o -L/home/zhaocheng/local/lib/gcc/x86_64-pc-linux-gnu/7.2.0 -L/home/zhaocheng/local/lib/gcc/x86_64-pc-linux-gnu/7.2.0/../../../../lib64 -L/lib/../lib64 -L/usr/lib/../lib64 -L/home/zhaocheng/local/lib/gcc/x86_64-pc-linux-gnu/7.2.0/../../.. CMakeFiles/cmTC_164c5.dir/CMakeCXXCompilerABI.cpp.o -lstdc++ -lm -lgcc_s -lgcc -lc -lgcc_s -lgcc /home/zhaocheng/local/lib/gcc/x86_64-pc-linux-gnu/7.2.0/crtend.o /lib/../lib64/crtn.o
COLLECT_GCC_OPTIONS='-v' '-rdynamic' '-o' 'cmTC_164c5' '-shared-libgcc' '-mtune=generic' '-march=x86-64'
gmake[1]: 离开目录“/mnt/disk4/zhaocheng/Workspace/k2tree/K2Tree/_build/CMakeFiles/CMakeTmp”


Parsed CXX implicit link information from above output:
  link line regex: [^( *|.*[/\])(ld|CMAKE_LINK_STARTFILE-NOTFOUND|([^/\]+-)?ld|collect2)[^/\]*( |$)]
  ignore line: [Change Dir: /home/zhaocheng/K2Tree/_build/CMakeFiles/CMakeTmp]
  ignore line: []
  ignore line: [Run Build Command:"/usr/bin/gmake" "cmTC_164c5/fast"]
  ignore line: [/usr/bin/gmake -f CMakeFiles/cmTC_164c5.dir/build.make CMakeFiles/cmTC_164c5.dir/build]
  ignore line: [gmake[1]: 进入目录“/mnt/disk4/zhaocheng/Workspace/k2tree/K2Tree/_build/CMakeFiles/CMakeTmp”]
  ignore line: [Building CXX object CMakeFiles/cmTC_164c5.dir/CMakeCXXCompilerABI.cpp.o]
  ignore line: [/home/zhaocheng/local/bin/g++     -o CMakeFiles/cmTC_164c5.dir/CMakeCXXCompilerABI.cpp.o -c /home/zhaocheng/anaconda2/share/cmake-3.10/Modules/CMakeCXXCompilerABI.cpp]
  ignore line: [Linking CXX executable cmTC_164c5]
  ignore line: [/home/zhaocheng/anaconda2/bin/cmake -E cmake_link_script CMakeFiles/cmTC_164c5.dir/link.txt --verbose=1]
  ignore line: [/home/zhaocheng/local/bin/g++      -v -rdynamic CMakeFiles/cmTC_164c5.dir/CMakeCXXCompilerABI.cpp.o  -o cmTC_164c5 ]
  ignore line: [使用内建 specs。]
  ignore line: [COLLECT_GCC=/home/zhaocheng/local/bin/g++]
  ignore line: [COLLECT_LTO_WRAPPER=/home/zhaocheng/local/libexec/gcc/x86_64-pc-linux-gnu/7.2.0/lto-wrapper]
  ignore line: [目标：x86_64-pc-linux-gnu]
  ignore line: [配置为：../configure --prefix=/home/zhaocheng/local/ --disable-multilib --with-system-zlib --enable-languages=c,c++ --enable-gold]
  ignore line: [线程模型：posix]
  ignore line: [gcc 版本 7.2.0 (GCC) ]
  ignore line: [COMPILER_PATH=/home/zhaocheng/local/libexec/gcc/x86_64-pc-linux-gnu/7.2.0/:/home/zhaocheng/local/libexec/gcc/x86_64-pc-linux-gnu/7.2.0/:/home/zhaocheng/local/libexec/gcc/x86_64-pc-linux-gnu/:/home/zhaocheng/local/lib/gcc/x86_64-pc-linux-gnu/7.2.0/:/home/zhaocheng/local/lib/gcc/x86_64-pc-linux-gnu/]
  ignore line: [LIBRARY_PATH=/home/zhaocheng/local/lib/gcc/x86_64-pc-linux-gnu/7.2.0/:/home/zhaocheng/local/lib/gcc/x86_64-pc-linux-gnu/7.2.0/../../../../lib64/:/lib/../lib64/:/usr/lib/../lib64/:/home/zhaocheng/local/lib/gcc/x86_64-pc-linux-gnu/7.2.0/../../../:/lib/:/usr/lib/]
  ignore line: [COLLECT_GCC_OPTIONS='-v' '-rdynamic' '-o' 'cmTC_164c5' '-shared-libgcc' '-mtune=generic' '-march=x86-64']
  link line: [ /home/zhaocheng/local/libexec/gcc/x86_64-pc-linux-gnu/7.2.0/collect2 -plugin /home/zhaocheng/local/libexec/gcc/x86_64-pc-linux-gnu/7.2.0/liblto_plugin.so -plugin-opt=/home/zhaocheng/local/libexec/gcc/x86_64-pc-linux-gnu/7.2.0/lto-wrapper -plugin-opt=-fresolution=/tmp/ccQIjPiu.res -plugin-opt=-pass-through=-lgcc_s -plugin-opt=-pass-through=-lgcc -plugin-opt=-pass-through=-lc -plugin-opt=-pass-through=-lgcc_s -plugin-opt=-pass-through=-lgcc --eh-frame-hdr -m elf_x86_64 -export-dynamic -dynamic-linker /lib64/ld-linux-x86-64.so.2 -o cmTC_164c5 /lib/../lib64/crt1.o /lib/../lib64/crti.o /home/zhaocheng/local/lib/gcc/x86_64-pc-linux-gnu/7.2.0/crtbegin.o -L/home/zhaocheng/local/lib/gcc/x86_64-pc-linux-gnu/7.2.0 -L/home/zhaocheng/local/lib/gcc/x86_64-pc-linux-gnu/7.2.0/../../../../lib64 -L/lib/../lib64 -L/usr/lib/../lib64 -L/home/zhaocheng/local/lib/gcc/x86_64-pc-linux-gnu/7.2.0/../../.. CMakeFiles/cmTC_164c5.dir/CMakeCXXCompilerABI.cpp.o -lstdc++ -lm -lgcc_s -lgcc -lc -lgcc_s -lgcc /home/zhaocheng/local/lib/gcc/x86_64-pc-linux-gnu/7.2.0/crtend.o /lib/../lib64/crtn.o]
    arg [/home/zhaocheng/local/libexec/gcc/x86_64-pc-linux-gnu/7.2.0/collect2] ==> ignore
    arg [-plugin] ==> ignore
    arg [/home/zhaocheng/local/libexec/gcc/x86_64-pc-linux-gnu/7.2.0/liblto_plugin.so] ==> ignore
    arg [-plugin-opt=/home/zhaocheng/local/libexec/gcc/x86_64-pc-linux-gnu/7.2.0/lto-wrapper] ==> ignore
    arg [-plugin-opt=-fresolution=/tmp/ccQIjPiu.res] ==> ignore
    arg [-plugin-opt=-pass-through=-lgcc_s] ==> ignore
    arg [-plugin-opt=-pass-through=-lgcc] ==> ignore
    arg [-plugin-opt=-pass-through=-lc] ==> ignore
    arg [-plugin-opt=-pass-through=-lgcc_s] ==> ignore
    arg [-plugin-opt=-pass-through=-lgcc] ==> ignore
    arg [--eh-frame-hdr] ==> ignore
    arg [-m] ==> ignore
    arg [elf_x86_64] ==> ignore
    arg [-export-dynamic] ==> ignore
    arg [-dynamic-linker] ==> ignore
    arg [/lib64/ld-linux-x86-64.so.2] ==> ignore
    arg [-o] ==> ignore
    arg [cmTC_164c5] ==> ignore
    arg [/lib/../lib64/crt1.o] ==> ignore
    arg [/lib/../lib64/crti.o] ==> ignore
    arg [/home/zhaocheng/local/lib/gcc/x86_64-pc-linux-gnu/7.2.0/crtbegin.o] ==> ignore
    arg [-L/home/zhaocheng/local/lib/gcc/x86_64-pc-linux-gnu/7.2.0] ==> dir [/home/zhaocheng/local/lib/gcc/x86_64-pc-linux-gnu/7.2.0]
    arg [-L/home/zhaocheng/local/lib/gcc/x86_64-pc-linux-gnu/7.2.0/../../../../lib64] ==> dir [/home/zhaocheng/local/lib/gcc/x86_64-pc-linux-gnu/7.2.0/../../../../lib64]
    arg [-L/lib/../lib64] ==> dir [/lib/../lib64]
    arg [-L/usr/lib/../lib64] ==> dir [/usr/lib/../lib64]
    arg [-L/home/zhaocheng/local/lib/gcc/x86_64-pc-linux-gnu/7.2.0/../../..] ==> dir [/home/zhaocheng/local/lib/gcc/x86_64-pc-linux-gnu/7.2.0/../../..]
    arg [CMakeFiles/cmTC_164c5.dir/CMakeCXXCompilerABI.cpp.o] ==> ignore
    arg [-lstdc++] ==> lib [stdc++]
    arg [-lm] ==> lib [m]
    arg [-lgcc_s] ==> lib [gcc_s]
    arg [-lgcc] ==> lib [gcc]
    arg [-lc] ==> lib [c]
    arg [-lgcc_s] ==> lib [gcc_s]
    arg [-lgcc] ==> lib [gcc]
    arg [/home/zhaocheng/local/lib/gcc/x86_64-pc-linux-gnu/7.2.0/crtend.o] ==> ignore
    arg [/lib/../lib64/crtn.o] ==> ignore
  collapse library dir [/home/zhaocheng/local/lib/gcc/x86_64-pc-linux-gnu/7.2.0] ==> [/home/zhaocheng/local/lib/gcc/x86_64-pc-linux-gnu/7.2.0]
  collapse library dir [/home/zhaocheng/local/lib/gcc/x86_64-pc-linux-gnu/7.2.0/../../../../lib64] ==> [/home/zhaocheng/local/lib64]
  collapse library dir [/lib/../lib64] ==> [/lib64]
  collapse library dir [/usr/lib/../lib64] ==> [/usr/lib64]
  collapse library dir [/home/zhaocheng/local/lib/gcc/x86_64-pc-linux-gnu/7.2.0/../../..] ==> [/home/zhaocheng/local/lib]
  implicit libs: [stdc++;m;gcc_s;gcc;c;gcc_s;gcc]
  implicit dirs: [/home/zhaocheng/local/lib/gcc/x86_64-pc-linux-gnu/7.2.0;/home/zhaocheng/local/lib64;/lib64;/usr/lib64;/home/zhaocheng/local/lib]
  implicit fwks: []




Detecting CXX [-std=c++1z] compiler features compiled with the following output:
Change Dir: /home/zhaocheng/K2Tree/_build/CMakeFiles/CMakeTmp

Run Build Command:"/usr/bin/gmake" "cmTC_5d55c/fast"
/usr/bin/gmake -f CMakeFiles/cmTC_5d55c.dir/build.make CMakeFiles/cmTC_5d55c.dir/build
gmake[1]: 进入目录“/mnt/disk4/zhaocheng/Workspace/k2tree/K2Tree/_build/CMakeFiles/CMakeTmp”
Building CXX object CMakeFiles/cmTC_5d55c.dir/feature_tests.cxx.o
/home/zhaocheng/local/bin/g++    -std=c++1z -o CMakeFiles/cmTC_5d55c.dir/feature_tests.cxx.o -c /home/zhaocheng/K2Tree/_build/CMakeFiles/feature_tests.cxx
Linking CXX executable cmTC_5d55c
/home/zhaocheng/anaconda2/bin/cmake -E cmake_link_script CMakeFiles/cmTC_5d55c.dir/link.txt --verbose=1
/home/zhaocheng/local/bin/g++       -rdynamic CMakeFiles/cmTC_5d55c.dir/feature_tests.cxx.o  -o cmTC_5d55c 
gmake[1]: 离开目录“/mnt/disk4/zhaocheng/Workspace/k2tree/K2Tree/_build/CMakeFiles/CMakeTmp”


    Feature record: CXX_FEATURE:1cxx_aggregate_default_initializers
    Feature record: CXX_FEATURE:1cxx_alias_templates
    Feature record: CXX_FEATURE:1cxx_alignas
    Feature record: CXX_FEATURE:1cxx_alignof
    Feature record: CXX_FEATURE:1cxx_attributes
    Feature record: CXX_FEATURE:1cxx_attribute_deprecated
    Feature record: CXX_FEATURE:1cxx_auto_type
    Feature record: CXX_FEATURE:1cxx_binary_literals
    Feature record: CXX_FEATURE:1cxx_constexpr
    Feature record: CXX_FEATURE:1cxx_contextual_conversions
    Feature record: CXX_FEATURE:1cxx_decltype
    Feature record: CXX_FEATURE:1cxx_decltype_auto
    Feature record: CXX_FEATURE:1cxx_decltype_incomplete_return_types
    Feature record: CXX_FEATURE:1cxx_default_function_template_args
    Feature record: CXX_FEATURE:1cxx_defaulted_functions
    Feature record: CXX_FEATURE:1cxx_defaulted_move_initializers
    Feature record: CXX_FEATURE:1cxx_delegating_constructors
    Feature record: CXX_FEATURE:1cxx_deleted_functions
    Feature record: CXX_FEATURE:1cxx_digit_separators
    Feature record: CXX_FEATURE:1cxx_enum_forward_declarations
    Feature record: CXX_FEATURE:1cxx_explicit_conversions
    Feature record: CXX_FEATURE:1cxx_extended_friend_declarations
    Feature record: CXX_FEATURE:1cxx_extern_templates
    Feature record: CXX_FEATURE:1cxx_final
    Feature record: CXX_FEATURE:1cxx_func_identifier
    Feature record: CXX_FEATURE:1cxx_generalized_initializers
    Feature record: CXX_FEATURE:1cxx_generic_lambdas
    Feature record: CXX_FEATURE:1cxx_inheriting_constructors
    Feature record: CXX_FEATURE:1cxx_inline_namespaces
    Feature record: CXX_FEATURE:1cxx_lambdas
    Feature record: CXX_FEATURE:1cxx_lambda_init_captures
    Feature record: CXX_FEATURE:1cxx_local_type_template_args
    Feature record: CXX_FEATURE:1cxx_long_long_type
    Feature record: CXX_FEATURE:1cxx_noexcept
    Feature record: CXX_FEATURE:1cxx_nonstatic_member_init
    Feature record: CXX_FEATURE:1cxx_nullptr
    Feature record: CXX_FEATURE:1cxx_override
    Feature record: CXX_FEATURE:1cxx_range_for
    Feature record: CXX_FEATURE:1cxx_raw_string_literals
    Feature record: CXX_FEATURE:1cxx_reference_qualified_functions
    Feature record: CXX_FEATURE:1cxx_relaxed_constexpr
    Feature record: CXX_FEATURE:1cxx_return_type_deduction
    Feature record: CXX_FEATURE:1cxx_right_angle_brackets
    Feature record: CXX_FEATURE:1cxx_rvalue_references
    Feature record: CXX_FEATURE:1cxx_sizeof_member
    Feature record: CXX_FEATURE:1cxx_static_assert
    Feature record: CXX_FEATURE:1cxx_strong_enums
    Feature record: CXX_FEATURE:1cxx_template_template_parameters
    Feature record: CXX_FEATURE:1cxx_thread_local
    Feature record: CXX_FEATURE:1cxx_trailing_return_types
    Feature record: CXX_FEATURE:1cxx_unicode_literals
    Feature record: CXX_FEATURE:1cxx_uniform_initialization
    Feature record: CXX_FEATURE:1cxx_unrestricted_unions
    Feature record: CXX_FEATURE:1cxx_user_literals
    Feature record: CXX_FEATURE:1cxx_variable_templates
    Feature record: CXX_FEATURE:1cxx_variadic_macros
    Feature record: CXX_FEATURE:1cxx_variadic_templates


Detecting CXX [-std=c++14] compiler features compiled with the following output:
Change Dir: /home/zhaocheng/K2Tree/_build/CMakeFiles/CMakeTmp

Run Build Command:"/usr/bin/gmake" "cmTC_24df0/fast"
/usr/bin/gmake -f CMakeFiles/cmTC_24df0.dir/build.make CMakeFiles/cmTC_24df0.dir/build
gmake[1]: 进入目录“/mnt/disk4/zhaocheng/Workspace/k2tree/K2Tree/_build/CMakeFiles/CMakeTmp”
Building CXX object CMakeFiles/cmTC_24df0.dir/feature_tests.cxx.o
/home/zhaocheng/local/bin/g++    -std=c++14 -o CMakeFiles/cmTC_24df0.dir/feature_tests.cxx.o -c /home/zhaocheng/K2Tree/_build/CMakeFiles/feature_tests.cxx
Linking CXX executable cmTC_24df0
/home/zhaocheng/anaconda2/bin/cmake -E cmake_link_script CMakeFiles/cmTC_24df0.dir/link.txt --verbose=1
/home/zhaocheng/local/bin/g++       -rdynamic CMakeFiles/cmTC_24df0.dir/feature_tests.cxx.o  -o cmTC_24df0 
gmake[1]: 离开目录“/mnt/disk4/zhaocheng/Workspace/k2tree/K2Tree/_build/CMakeFiles/CMakeTmp”


    Feature record: CXX_FEATURE:1cxx_aggregate_default_initializers
    Feature record: CXX_FEATURE:1cxx_alias_templates
    Feature record: CXX_FEATURE:1cxx_alignas
    Feature record: CXX_FEATURE:1cxx_alignof
    Feature record: CXX_FEATURE:1cxx_attributes
    Feature record: CXX_FEATURE:1cxx_attribute_deprecated
    Feature record: CXX_FEATURE:1cxx_auto_type
    Feature record: CXX_FEATURE:1cxx_binary_literals
    Feature record: CXX_FEATURE:1cxx_constexpr
    Feature record: CXX_FEATURE:1cxx_contextual_conversions
    Feature record: CXX_FEATURE:1cxx_decltype
    Feature record: CXX_FEATURE:1cxx_decltype_auto
    Feature record: CXX_FEATURE:1cxx_decltype_incomplete_return_types
    Feature record: CXX_FEATURE:1cxx_default_function_template_args
    Feature record: CXX_FEATURE:1cxx_defaulted_functions
    Feature record: CXX_FEATURE:1cxx_defaulted_move_initializers
    Feature record: CXX_FEATURE:1cxx_delegating_constructors
    Feature record: CXX_FEATURE:1cxx_deleted_functions
    Feature record: CXX_FEATURE:1cxx_digit_separators
    Feature record: CXX_FEATURE:1cxx_enum_forward_declarations
    Feature record: CXX_FEATURE:1cxx_explicit_conversions
    Feature record: CXX_FEATURE:1cxx_extended_friend_declarations
    Feature record: CXX_FEATURE:1cxx_extern_templates
    Feature record: CXX_FEATURE:1cxx_final
    Feature record: CXX_FEATURE:1cxx_func_identifier
    Feature record: CXX_FEATURE:1cxx_generalized_initializers
    Feature record: CXX_FEATURE:1cxx_generic_lambdas
    Feature record: CXX_FEATURE:1cxx_inheriting_constructors
    Feature record: CXX_FEATURE:1cxx_inline_namespaces
    Feature record: CXX_FEATURE:1cxx_lambdas
    Feature record: CXX_FEATURE:1cxx_lambda_init_captures
    Feature record: CXX_FEATURE:1cxx_local_type_template_args
    Feature record: CXX_FEATURE:1cxx_long_long_type
    Feature record: CXX_FEATURE:1cxx_noexcept
    Feature record: CXX_FEATURE:1cxx_nonstatic_member_init
    Feature record: CXX_FEATURE:1cxx_nullptr
    Feature record: CXX_FEATURE:1cxx_override
    Feature record: CXX_FEATURE:1cxx_range_for
    Feature record: CXX_FEATURE:1cxx_raw_string_literals
    Feature record: CXX_FEATURE:1cxx_reference_qualified_functions
    Feature record: CXX_FEATURE:1cxx_relaxed_constexpr
    Feature record: CXX_FEATURE:1cxx_return_type_deduction
    Feature record: CXX_FEATURE:1cxx_right_angle_brackets
    Feature record: CXX_FEATURE:1cxx_rvalue_references
    Feature record: CXX_FEATURE:1cxx_sizeof_member
    Feature record: CXX_FEATURE:1cxx_static_assert
    Feature record: CXX_FEATURE:1cxx_strong_enums
    Feature record: CXX_FEATURE:1cxx_template_template_parameters
    Feature record: CXX_FEATURE:1cxx_thread_local
    Feature record: CXX_FEATURE:1cxx_trailing_return_types
    Feature record: CXX_FEATURE:1cxx_unicode_literals
    Feature record: CXX_FEATURE:1cxx_uniform_initialization
    Feature record: CXX_FEATURE:1cxx_unrestricted_unions
    Feature record: CXX_FEATURE:1cxx_user_literals
    Feature record: CXX_FEATURE:1cxx_variable_templates
    Feature record: CXX_FEATURE:1cxx_variadic_macros
    Feature record: CXX_FEATURE:1cxx_variadic_templates


Detecting CXX [-std=c++11] compiler features compiled with the following output:
Change Dir: /home/zhaocheng/K2Tree/_build/CMakeFiles/CMakeTmp

Run Build Command:"/usr/bin/gmake" "cmTC_40c82/fast"
/usr/bin/gmake -f CMakeFiles/cmTC_40c82.dir/build.make CMakeFiles/cmTC_40c82.dir/build
gmake[1]: 进入目录“/mnt/disk4/zhaocheng/Workspace/k2tree/K2Tree/_build/CMakeFiles/CMakeTmp”
Building CXX object CMakeFiles/cmTC_40c82.dir/feature_tests.cxx.o
/home/zhaocheng/local/bin/g++    -std=c++11 -o CMakeFiles/cmTC_40c82.dir/feature_tests.cxx.o -c /home/zhaocheng/K2Tree/_build/CMakeFiles/feature_tests.cxx
Linking CXX executable cmTC_40c82
/home/zhaocheng/anaconda2/bin/cmake -E cmake_link_script CMakeFiles/cmTC_40c82.dir/link.txt --verbose=1
/home/zhaocheng/local/bin/g++       -rdynamic CMakeFiles/cmTC_40c82.dir/feature_tests.cxx.o  -o cmTC_40c82 
gmake[1]: 离开目录“/mnt/disk4/zhaocheng/Workspace/k2tree/K2Tree/_build/CMakeFiles/CMakeTmp”


    Feature record: CXX_FEATURE:0cxx_aggregate_default_initializers
    Feature record: CXX_FEATURE:1cxx_alias_templates
    Feature record: CXX_FEATURE:1cxx_alignas
    Feature record: CXX_FEATURE:1cxx_alignof
    Feature record: CXX_FEATURE:1cxx_attributes
    Feature record: CXX_FEATURE:0cxx_attribute_deprecated
    Feature record: CXX_FEATURE:1cxx_auto_type
    Feature record: CXX_FEATURE:0cxx_binary_literals
    Feature record: CXX_FEATURE:1cxx_constexpr
    Feature record: CXX_FEATURE:0cxx_contextual_conversions
    Feature record: CXX_FEATURE:1cxx_decltype
    Feature record: CXX_FEATURE:0cxx_decltype_auto
    Feature record: CXX_FEATURE:1cxx_decltype_incomplete_return_types
    Feature record: CXX_FEATURE:1cxx_default_function_template_args
    Feature record: CXX_FEATURE:1cxx_defaulted_functions
    Feature record: CXX_FEATURE:1cxx_defaulted_move_initializers
    Feature record: CXX_FEATURE:1cxx_delegating_constructors
    Feature record: CXX_FEATURE:1cxx_deleted_functions
    Feature record: CXX_FEATURE:0cxx_digit_separators
    Feature record: CXX_FEATURE:1cxx_enum_forward_declarations
    Feature record: CXX_FEATURE:1cxx_explicit_conversions
    Feature record: CXX_FEATURE:1cxx_extended_friend_declarations
    Feature record: CXX_FEATURE:1cxx_extern_templates
    Feature record: CXX_FEATURE:1cxx_final
    Feature record: CXX_FEATURE:1cxx_func_identifier
    Feature record: CXX_FEATURE:1cxx_generalized_initializers
    Feature record: CXX_FEATURE:0cxx_generic_lambdas
    Feature record: CXX_FEATURE:1cxx_inheriting_constructors
    Feature record: CXX_FEATURE:1cxx_inline_namespaces
    Feature record: CXX_FEATURE:1cxx_lambdas
    Feature record: CXX_FEATURE:0cxx_lambda_init_captures
    Feature record: CXX_FEATURE:1cxx_local_type_template_args
    Feature record: CXX_FEATURE:1cxx_long_long_type
    Feature record: CXX_FEATURE:1cxx_noexcept
    Feature record: CXX_FEATURE:1cxx_nonstatic_member_init
    Feature record: CXX_FEATURE:1cxx_nullptr
    Feature record: CXX_FEATURE:1cxx_override
    Feature record: CXX_FEATURE:1cxx_range_for
    Feature record: CXX_FEATURE:1cxx_raw_string_literals
    Feature record: CXX_FEATURE:1cxx_reference_qualified_functions
    Feature record: CXX_FEATURE:0cxx_relaxed_constexpr
    Feature record: CXX_FEATURE:0cxx_return_type_deduction
    Feature record: CXX_FEATURE:1cxx_right_angle_brackets
    Feature record: CXX_FEATURE:1cxx_rvalue_references
    Feature record: CXX_FEATURE:1cxx_sizeof_member
    Feature record: CXX_FEATURE:1cxx_static_assert
    Feature record: CXX_FEATURE:1cxx_strong_enums
    Feature record: CXX_FEATURE:1cxx_template_template_parameters
    Feature record: CXX_FEATURE:1cxx_thread_local
    Feature record: CXX_FEATURE:1cxx_trailing_return_types
    Feature record: CXX_FEATURE:1cxx_unicode_literals
    Feature record: CXX_FEATURE:1cxx_uniform_initialization
    Feature record: CXX_FEATURE:1cxx_unrestricted_unions
    Feature record: CXX_FEATURE:1cxx_user_literals
    Feature record: CXX_FEATURE:0cxx_variable_templates
    Feature record: CXX_FEATURE:1cxx_variadic_macros
    Feature record: CXX_FEATURE:1cxx_variadic_templates


Detecting CXX [-std=c++98] compiler features compiled with the following output:
Change Dir: /home/zhaocheng/K2Tree/_build/CMakeFiles/CMakeTmp

Run Build Command:"/usr/bin/gmake" "cmTC_2e33b/fast"
/usr/bin/gmake -f CMakeFiles/cmTC_2e33b.dir/build.make CMakeFiles/cmTC_2e33b.dir/build
gmake[1]: 进入目录“/mnt/disk4/zhaocheng/Workspace/k2tree/K2Tree/_build/CMakeFiles/CMakeTmp”
Building CXX object CMakeFiles/cmTC_2e33b.dir/feature_tests.cxx.o
/home/zhaocheng/local/bin/g++    -std=c++98 -o CMakeFiles/cmTC_2e33b.dir/feature_tests.cxx.o -c /home/zhaocheng/K2Tree/_build/CMakeFiles/feature_tests.cxx
Linking CXX executable cmTC_2e33b
/home/zhaocheng/anaconda2/bin/cmake -E cmake_link_script CMakeFiles/cmTC_2e33b.dir/link.txt --verbose=1
/home/zhaocheng/local/bin/g++       -rdynamic CMakeFiles/cmTC_2e33b.dir/feature_tests.cxx.o  -o cmTC_2e33b 
gmake[1]: 离开目录“/mnt/disk4/zhaocheng/Workspace/k2tree/K2Tree/_build/CMakeFiles/CMakeTmp”


    Feature record: CXX_FEATURE:0cxx_aggregate_default_initializers
    Feature record: CXX_FEATURE:0cxx_alias_templates
    Feature record: CXX_FEATURE:0cxx_alignas
    Feature record: CXX_FEATURE:0cxx_alignof
    Feature record: CXX_FEATURE:0cxx_attributes
    Feature record: CXX_FEATURE:0cxx_attribute_deprecated
    Feature record: CXX_FEATURE:0cxx_auto_type
    Feature record: CXX_FEATURE:0cxx_binary_literals
    Feature record: CXX_FEATURE:0cxx_constexpr
    Feature record: CXX_FEATURE:0cxx_contextual_conversions
    Feature record: CXX_FEATURE:0cxx_decltype
    Feature record: CXX_FEATURE:0cxx_decltype_auto
    Feature record: CXX_FEATURE:0cxx_decltype_incomplete_return_types
    Feature record: CXX_FEATURE:0cxx_default_function_template_args
    Feature record: CXX_FEATURE:0cxx_defaulted_functions
    Feature record: CXX_FEATURE:0cxx_defaulted_move_initializers
    Feature record: CXX_FEATURE:0cxx_delegating_constructors
    Feature record: CXX_FEATURE:0cxx_deleted_functions
    Feature record: CXX_FEATURE:0cxx_digit_separators
    Feature record: CXX_FEATURE:0cxx_enum_forward_declarations
    Feature record: CXX_FEATURE:0cxx_explicit_conversions
    Feature record: CXX_FEATURE:0cxx_extended_friend_declarations
    Feature record: CXX_FEATURE:0cxx_extern_templates
    Feature record: CXX_FEATURE:0cxx_final
    Feature record: CXX_FEATURE:0cxx_func_identifier
    Feature record: CXX_FEATURE:0cxx_generalized_initializers
    Feature record: CXX_FEATURE:0cxx_generic_lambdas
    Feature record: CXX_FEATURE:0cxx_inheriting_constructors
    Feature record: CXX_FEATURE:0cxx_inline_namespaces
    Feature record: CXX_FEATURE:0cxx_lambdas
    Feature record: CXX_FEATURE:0cxx_lambda_init_captures
    Feature record: CXX_FEATURE:0cxx_local_type_template_args
    Feature record: CXX_FEATURE:0cxx_long_long_type
    Feature record: CXX_FEATURE:0cxx_noexcept
    Feature record: CXX_FEATURE:0cxx_nonstatic_member_init
    Feature record: CXX_FEATURE:0cxx_nullptr
    Feature record: CXX_FEATURE:0cxx_override
    Feature record: CXX_FEATURE:0cxx_range_for
    Feature record: CXX_FEATURE:0cxx_raw_string_literals
    Feature record: CXX_FEATURE:0cxx_reference_qualified_functions
    Feature record: CXX_FEATURE:0cxx_relaxed_constexpr
    Feature record: CXX_FEATURE:0cxx_return_type_deduction
    Feature record: CXX_FEATURE:0cxx_right_angle_brackets
    Feature record: CXX_FEATURE:0cxx_rvalue_references
    Feature record: CXX_FEATURE:0cxx_sizeof_member
    Feature record: CXX_FEATURE:0cxx_static_assert
    Feature record: CXX_FEATURE:0cxx_strong_enums
    Feature record: CXX_FEATURE:1cxx_template_template_parameters
    Feature record: CXX_FEATURE:0cxx_thread_local
    Feature record: CXX_FEATURE:0cxx_trailing_return_types
    Feature record: CXX_FEATURE:0cxx_unicode_literals
    Feature record: CXX_FEATURE:0cxx_uniform_initialization
    Feature record: CXX_FEATURE:0cxx_unrestricted_unions
    Feature record: CXX_FEATURE:0cxx_user_literals
    Feature record: CXX_FEATURE:0cxx_variable_templates
    Feature record: CXX_FEATURE:0cxx_variadic_macros
    Feature record: CXX_FEATURE:0cxx_variadic_templates
Determining if the include file pthread.h exists passed with the following output:
Change Dir: /home/zhaocheng/K2Tree/_build/CMakeFiles/CMakeTmp

Run Build Command:"/usr/bin/gmake" "cmTC_739b7/fast"
/usr/bin/gmake -f CMakeFiles/cmTC_739b7.dir/build.make CMakeFiles/cmTC_739b7.dir/build
gmake[1]: 进入目录“/mnt/disk4/zhaocheng/Workspace/k2tree/K2Tree/_build/CMakeFiles/CMakeTmp”
Building C object CMakeFiles/cmTC_739b7.dir/CheckIncludeFile.c.o
/home/zhaocheng/local/bin/gcc    -o CMakeFiles/cmTC_739b7.dir/CheckIncludeFile.c.o   -c /home/zhaocheng/K2Tree/_build/CMakeFiles/CMakeTmp/CheckIncludeFile.c
Linking C executable cmTC_739b7
/home/zhaocheng/anaconda2/bin/cmake -E cmake_link_script CMakeFiles/cmTC_739b7.dir/link.txt --verbose=1
/home/zhaocheng/local/bin/gcc      -rdynamic CMakeFiles/cmTC_739b7.dir/CheckIncludeFile.c.o  -o cmTC_739b7 
gmake[1]: 离开目录“/mnt/disk4/zhaocheng/Workspace/k2tree/K2Tree/_build/CMakeFiles/CMakeTmp”


