Determining if the pthread_create exist failed with the following output:
Change Dir: /home/zhaocheng/K2Tree/_build/CMakeFiles/CMakeTmp

Run Build Command:"/usr/bin/gmake" "cmTC_070dc/fast"
/usr/bin/gmake -f CMakeFiles/cmTC_070dc.dir/build.make CMakeFiles/cmTC_070dc.dir/build
gmake[1]: 进入目录“/mnt/disk4/zhaocheng/Workspace/k2tree/K2Tree/_build/CMakeFiles/CMakeTmp”
Building C object CMakeFiles/cmTC_070dc.dir/CheckSymbolExists.c.o
/home/zhaocheng/local/bin/gcc    -o CMakeFiles/cmTC_070dc.dir/CheckSymbolExists.c.o   -c /home/zhaocheng/K2Tree/_build/CMakeFiles/CMakeTmp/CheckSymbolExists.c
Linking C executable cmTC_070dc
/home/zhaocheng/anaconda2/bin/cmake -E cmake_link_script CMakeFiles/cmTC_070dc.dir/link.txt --verbose=1
/home/zhaocheng/local/bin/gcc      -rdynamic CMakeFiles/cmTC_070dc.dir/CheckSymbolExists.c.o  -o cmTC_070dc 
CMakeFiles/cmTC_070dc.dir/CheckSymbolExists.c.o：在函数‘main’中：
CheckSymbolExists.c:(.text+0x16)：对‘pthread_create’未定义的引用
collect2: 错误：ld 返回 1
gmake[1]: *** [cmTC_070dc] 错误 1
gmake[1]: 离开目录“/mnt/disk4/zhaocheng/Workspace/k2tree/K2Tree/_build/CMakeFiles/CMakeTmp”
gmake: *** [cmTC_070dc/fast] 错误 2

File /home/zhaocheng/K2Tree/_build/CMakeFiles/CMakeTmp/CheckSymbolExists.c:
/* */
#include <pthread.h>

int main(int argc, char** argv)
{
  (void)argv;
#ifndef pthread_create
  return ((int*)(&pthread_create))[argc];
#else
  (void)argc;
  return 0;
#endif
}

